09/05/2015 10:48:56 Top level: Connected to db: HanlonOptionDB
09/05/2015 10:48:56 Start to process all symbols: 100 in total.
09/05/2015 10:48:58 SPY - 2015-09-11: Requesting
09/05/2015 10:49:20 Top level: Connected to db: HanlonOptionDB
09/05/2015 10:49:20 Start to process all symbols: 100 in total.
09/05/2015 10:49:22 SPY - 2015-09-11: Requesting
09/05/2015 10:49:55 Top level: Connected to db: HanlonOptionDB
09/05/2015 10:49:55 Start to process all symbols: 100 in total.
09/05/2015 10:49:56 SPY - 2015-09-11: Requesting
09/05/2015 10:50:01 SPY - 2015-09-11: Finished request, insert to table...
09/05/2015 10:50:01 SPY - 2015-09-11: Inserted to table, 284 rows affected.
09/05/2015 10:50:01 SPY - 2015-09-18: Requesting
09/05/2015 10:50:02 SPY - 2015-09-18: RemoteDataError
09/05/2015 10:50:02 SPY - 2015-09-25: Requesting
09/05/2015 10:50:04 SPY - 2015-09-25: Error:Unhandled exception. <urlopen error Timeout>
09/05/2015 10:50:04 Top level: Connection closed.
09/05/2015 10:51:14 Top level: Connected to db: HanlonOptionDB
09/05/2015 10:51:14 Start to process all symbols: 100 in total.
09/05/2015 10:51:16 SPY - 2015-09-11: Requesting
09/05/2015 10:51:17 SPY - 2015-09-11: Timeout
09/05/2015 10:51:17 SPY - 2015-09-18: Requesting
09/05/2015 10:51:20 SPY - 2015-09-18: Finished request, insert to table...
09/05/2015 10:51:21 SPY - 2015-09-18: Inserted to table, 308 rows affected.
09/05/2015 10:51:21 SPY - 2015-09-25: Requesting
09/05/2015 10:51:24 SPY - 2015-09-25: Finished request, insert to table...
09/05/2015 10:51:25 SPY - 2015-09-25: Inserted to table, 219 rows affected.
09/05/2015 10:51:25 SPY - 2015-09-30: Requesting
09/05/2015 10:51:28 SPY - 2015-09-30: Finished request, insert to table...
09/05/2015 10:51:28 SPY - 2015-09-30: Inserted to table, 198 rows affected.
09/05/2015 10:51:28 SPY - 2015-10-02: Requesting
09/05/2015 10:51:32 SPY - 2015-10-02: Finished request, insert to table...
09/05/2015 10:51:32 SPY - 2015-10-02: Inserted to table, 176 rows affected.
09/05/2015 10:51:32 SPY - 2015-10-09: Requesting
09/05/2015 10:51:58 Top level: Connected to db: HanlonOptionDB
09/05/2015 10:51:58 Start to process all symbols: 100 in total.
09/05/2015 10:51:59 SPY - 2015-09-11: Requesting
09/05/2015 10:52:09 SPY - 2015-09-11: Finished request, insert to table...
09/05/2015 10:52:16 Top level: Connected to db: HanlonOptionDB
09/05/2015 10:52:16 Start to process all symbols: 100 in total.
09/05/2015 10:52:18 SPY - 2015-09-11: Requesting
09/05/2015 10:52:22 SPY - 2015-09-11: Finished request, insert to table...
09/05/2015 10:52:22  - : Error:Unhandled exception. IntegrityError(1062, "Duplicate entry '2015-09-05-SPY150911P00100000' for key 'PRIMARY'")
09/05/2015 10:52:22 SPY - 2015-09-11: DuplicateKeyError, push to self err list
09/05/2015 10:52:22 SPY - 2015-09-18: Requesting
09/05/2015 10:52:26 SPY - 2015-09-18: Finished request, insert to table...
09/05/2015 10:52:27 SPY - 2015-09-18: Inserted to table, 308 rows affected.
09/05/2015 10:52:27 SPY - 2015-09-25: Requesting
09/05/2015 10:52:30 SPY - 2015-09-25: Finished request, insert to table...
09/05/2015 10:52:31 SPY - 2015-09-25: Inserted to table, 219 rows affected.
09/05/2015 10:52:31 SPY - 2015-09-30: Requesting
09/05/2015 10:52:34 SPY - 2015-09-30: Finished request, insert to table...
09/05/2015 10:52:34 SPY - 2015-09-30: Inserted to table, 198 rows affected.
09/05/2015 10:52:34 SPY - 2015-10-02: Requesting
09/05/2015 10:52:38 SPY - 2015-10-02: Finished request, insert to table...
09/05/2015 10:52:38 SPY - 2015-10-02: Inserted to table, 176 rows affected.
09/05/2015 10:52:38 SPY - 2015-10-09: Requesting
09/05/2015 10:52:41 SPY - 2015-10-09: Finished request, insert to table...
09/05/2015 10:52:42 SPY - 2015-10-09: Inserted to table, 112 rows affected.
09/05/2015 10:52:42 SPY - 2015-10-16: Requesting
09/05/2015 10:52:43 SPY - 2015-10-16: Error:Unhandled exception. URLError(TimeoutError('Timeout',),)
09/05/2015 10:52:43 Top level: Connection closed.
